2023-09-06 01:57:08 [로그] error: uncaughtException: Connection lost: The server closed the connection.
Error: Connection lost: The server closed the connection.
    at Protocol.end (C:\Users\pc\Desktop\project\moonja\back\node_modules\mysql\lib\protocol\Protocol.js:112:13)
    at Socket.<anonymous> (C:\Users\pc\Desktop\project\moonja\back\node_modules\mysql\lib\Connection.js:94:28)
    at Socket.<anonymous> (C:\Users\pc\Desktop\project\moonja\back\node_modules\mysql\lib\Connection.js:526:10)
    at Socket.emit (node:events:525:35)
    at endReadableNT (node:internal/streams/readable:1359:12)
    at process.processTicksAndRejections (node:internal/process/task_queues:82:21)
2023-09-06 01:57:09 [로그] error: uncaughtException: Connection lost: The server closed the connection.
Error: Connection lost: The server closed the connection.
    at Protocol.end (C:\Users\pc\Desktop\project\moonja\back\node_modules\mysql\lib\protocol\Protocol.js:112:13)
    at Socket.<anonymous> (C:\Users\pc\Desktop\project\moonja\back\node_modules\mysql\lib\Connection.js:94:28)
    at Socket.<anonymous> (C:\Users\pc\Desktop\project\moonja\back\node_modules\mysql\lib\Connection.js:526:10)
    at Socket.emit (node:events:525:35)
    at endReadableNT (node:internal/streams/readable:1359:12)
    at process.processTicksAndRejections (node:internal/process/task_queues:82:21)
2023-09-06 01:57:09 [로그] error: uncaughtException: Connection lost: The server closed the connection.
Error: Connection lost: The server closed the connection.
    at Protocol.end (C:\Users\pc\Desktop\project\moonja\back\node_modules\mysql\lib\protocol\Protocol.js:112:13)
    at Socket.<anonymous> (C:\Users\pc\Desktop\project\moonja\back\node_modules\mysql\lib\Connection.js:94:28)
    at Socket.<anonymous> (C:\Users\pc\Desktop\project\moonja\back\node_modules\mysql\lib\Connection.js:526:10)
    at Socket.emit (node:events:525:35)
    at endReadableNT (node:internal/streams/readable:1359:12)
    at process.processTicksAndRejections (node:internal/process/task_queues:82:21)
2023-09-06 01:57:09 [로그] error: uncaughtException: Connection lost: The server closed the connection.
Error: Connection lost: The server closed the connection.
    at Protocol.end (C:\Users\pc\Desktop\project\moonja\back\node_modules\mysql\lib\protocol\Protocol.js:112:13)
    at Socket.<anonymous> (C:\Users\pc\Desktop\project\moonja\back\node_modules\mysql\lib\Connection.js:94:28)
    at Socket.<anonymous> (C:\Users\pc\Desktop\project\moonja\back\node_modules\mysql\lib\Connection.js:526:10)
    at Socket.emit (node:events:525:35)
    at endReadableNT (node:internal/streams/readable:1359:12)
    at process.processTicksAndRejections (node:internal/process/task_queues:82:21)
2023-09-06 01:57:09 [로그] error: uncaughtException: Connection lost: The server closed the connection.
Error: Connection lost: The server closed the connection.
    at Protocol.end (C:\Users\pc\Desktop\project\moonja\back\node_modules\mysql\lib\protocol\Protocol.js:112:13)
    at Socket.<anonymous> (C:\Users\pc\Desktop\project\moonja\back\node_modules\mysql\lib\Connection.js:94:28)
    at Socket.<anonymous> (C:\Users\pc\Desktop\project\moonja\back\node_modules\mysql\lib\Connection.js:526:10)
    at Socket.emit (node:events:525:35)
    at endReadableNT (node:internal/streams/readable:1359:12)
    at process.processTicksAndRejections (node:internal/process/task_queues:82:21)
2023-09-06 01:57:09 [로그] error: uncaughtException: Connection lost: The server closed the connection.
Error: Connection lost: The server closed the connection.
    at Protocol.end (C:\Users\pc\Desktop\project\moonja\back\node_modules\mysql\lib\protocol\Protocol.js:112:13)
    at Socket.<anonymous> (C:\Users\pc\Desktop\project\moonja\back\node_modules\mysql\lib\Connection.js:94:28)
    at Socket.<anonymous> (C:\Users\pc\Desktop\project\moonja\back\node_modules\mysql\lib\Connection.js:526:10)
    at Socket.emit (node:events:525:35)
    at endReadableNT (node:internal/streams/readable:1359:12)
    at process.processTicksAndRejections (node:internal/process/task_queues:82:21)
2023-09-06 01:57:09 [로그] error: uncaughtException: Connection lost: The server closed the connection.
Error: Connection lost: The server closed the connection.
    at Protocol.end (C:\Users\pc\Desktop\project\moonja\back\node_modules\mysql\lib\protocol\Protocol.js:112:13)
    at Socket.<anonymous> (C:\Users\pc\Desktop\project\moonja\back\node_modules\mysql\lib\Connection.js:94:28)
    at Socket.<anonymous> (C:\Users\pc\Desktop\project\moonja\back\node_modules\mysql\lib\Connection.js:526:10)
    at Socket.emit (node:events:525:35)
    at endReadableNT (node:internal/streams/readable:1359:12)
    at process.processTicksAndRejections (node:internal/process/task_queues:82:21)
2023-09-06 01:57:09 [로그] error: uncaughtException: Connection lost: The server closed the connection.
Error: Connection lost: The server closed the connection.
    at Protocol.end (C:\Users\pc\Desktop\project\moonja\back\node_modules\mysql\lib\protocol\Protocol.js:112:13)
    at Socket.<anonymous> (C:\Users\pc\Desktop\project\moonja\back\node_modules\mysql\lib\Connection.js:94:28)
    at Socket.<anonymous> (C:\Users\pc\Desktop\project\moonja\back\node_modules\mysql\lib\Connection.js:526:10)
    at Socket.emit (node:events:525:35)
    at endReadableNT (node:internal/streams/readable:1359:12)
    at process.processTicksAndRejections (node:internal/process/task_queues:82:21)
2023-09-06 01:57:09 [로그] error: uncaughtException: Connection lost: The server closed the connection.
Error: Connection lost: The server closed the connection.
    at Protocol.end (C:\Users\pc\Desktop\project\moonja\back\node_modules\mysql\lib\protocol\Protocol.js:112:13)
    at Socket.<anonymous> (C:\Users\pc\Desktop\project\moonja\back\node_modules\mysql\lib\Connection.js:94:28)
    at Socket.<anonymous> (C:\Users\pc\Desktop\project\moonja\back\node_modules\mysql\lib\Connection.js:526:10)
    at Socket.emit (node:events:525:35)
    at endReadableNT (node:internal/streams/readable:1359:12)
    at process.processTicksAndRejections (node:internal/process/task_queues:82:21)
2023-09-06 01:57:09 [로그] error: uncaughtException: Connection lost: The server closed the connection.
Error: Connection lost: The server closed the connection.
    at Protocol.end (C:\Users\pc\Desktop\project\moonja\back\node_modules\mysql\lib\protocol\Protocol.js:112:13)
    at Socket.<anonymous> (C:\Users\pc\Desktop\project\moonja\back\node_modules\mysql\lib\Connection.js:94:28)
    at Socket.<anonymous> (C:\Users\pc\Desktop\project\moonja\back\node_modules\mysql\lib\Connection.js:526:10)
    at Socket.emit (node:events:525:35)
    at endReadableNT (node:internal/streams/readable:1359:12)
    at process.processTicksAndRejections (node:internal/process/task_queues:82:21)
2023-09-06 01:57:09 [로그] error: uncaughtException: Connection lost: The server closed the connection.
Error: Connection lost: The server closed the connection.
    at Protocol.end (C:\Users\pc\Desktop\project\moonja\back\node_modules\mysql\lib\protocol\Protocol.js:112:13)
    at Socket.<anonymous> (C:\Users\pc\Desktop\project\moonja\back\node_modules\mysql\lib\Connection.js:94:28)
    at Socket.<anonymous> (C:\Users\pc\Desktop\project\moonja\back\node_modules\mysql\lib\Connection.js:526:10)
    at Socket.emit (node:events:525:35)
    at endReadableNT (node:internal/streams/readable:1359:12)
    at process.processTicksAndRejections (node:internal/process/task_queues:82:21)
2023-09-06 01:57:09 [로그] error: uncaughtException: Connection lost: The server closed the connection.
Error: Connection lost: The server closed the connection.
    at Protocol.end (C:\Users\pc\Desktop\project\moonja\back\node_modules\mysql\lib\protocol\Protocol.js:112:13)
    at Socket.<anonymous> (C:\Users\pc\Desktop\project\moonja\back\node_modules\mysql\lib\Connection.js:94:28)
    at Socket.<anonymous> (C:\Users\pc\Desktop\project\moonja\back\node_modules\mysql\lib\Connection.js:526:10)
    at Socket.emit (node:events:525:35)
    at endReadableNT (node:internal/streams/readable:1359:12)
    at process.processTicksAndRejections (node:internal/process/task_queues:82:21)
2023-09-06 01:57:09 [로그] error: uncaughtException: Connection lost: The server closed the connection.
Error: Connection lost: The server closed the connection.
    at Protocol.end (C:\Users\pc\Desktop\project\moonja\back\node_modules\mysql\lib\protocol\Protocol.js:112:13)
    at Socket.<anonymous> (C:\Users\pc\Desktop\project\moonja\back\node_modules\mysql\lib\Connection.js:94:28)
    at Socket.<anonymous> (C:\Users\pc\Desktop\project\moonja\back\node_modules\mysql\lib\Connection.js:526:10)
    at Socket.emit (node:events:525:35)
    at endReadableNT (node:internal/streams/readable:1359:12)
    at process.processTicksAndRejections (node:internal/process/task_queues:82:21)
2023-09-06 01:57:09 [로그] error: uncaughtException: Connection lost: The server closed the connection.
Error: Connection lost: The server closed the connection.
    at Protocol.end (C:\Users\pc\Desktop\project\moonja\back\node_modules\mysql\lib\protocol\Protocol.js:112:13)
    at Socket.<anonymous> (C:\Users\pc\Desktop\project\moonja\back\node_modules\mysql\lib\Connection.js:94:28)
    at Socket.<anonymous> (C:\Users\pc\Desktop\project\moonja\back\node_modules\mysql\lib\Connection.js:526:10)
    at Socket.emit (node:events:525:35)
    at endReadableNT (node:internal/streams/readable:1359:12)
    at process.processTicksAndRejections (node:internal/process/task_queues:82:21)
2023-09-06 01:57:12 [로그] error: uncaughtException: Connection lost: The server closed the connection.
Error: Connection lost: The server closed the connection.
    at Protocol.end (C:\Users\pc\Desktop\project\moonja\back\node_modules\mysql\lib\protocol\Protocol.js:112:13)
    at Socket.<anonymous> (C:\Users\pc\Desktop\project\moonja\back\node_modules\mysql\lib\Connection.js:94:28)
    at Socket.<anonymous> (C:\Users\pc\Desktop\project\moonja\back\node_modules\mysql\lib\Connection.js:526:10)
    at Socket.emit (node:events:525:35)
    at endReadableNT (node:internal/streams/readable:1359:12)
    at process.processTicksAndRejections (node:internal/process/task_queues:82:21)
2023-09-06 08:00:00 [로그] error: uncaughtException: Connection lost: The server closed the connection.
Error: Connection lost: The server closed the connection.
    at Protocol.end (C:\Users\pc\Desktop\project\moonja\back\node_modules\mysql\lib\protocol\Protocol.js:112:13)
    at Socket.<anonymous> (C:\Users\pc\Desktop\project\moonja\back\node_modules\mysql\lib\Connection.js:94:28)
    at Socket.<anonymous> (C:\Users\pc\Desktop\project\moonja\back\node_modules\mysql\lib\Connection.js:526:10)
    at Socket.emit (node:events:525:35)
    at endReadableNT (node:internal/streams/readable:1359:12)
    at process.processTicksAndRejections (node:internal/process/task_queues:82:21)
2023-09-06 15:11:00 [로그] error: uncaughtException: return_moment_number is not a function
TypeError: return_moment_number is not a function
    at Job.job (file:///C:/Users/pc/Desktop/project/moonja/back/utils/schedules/index.js:13:35)
    at process.processTicksAndRejections (node:internal/process/task_queues:95:5)
2023-09-06 15:19:00 [로그] error: uncaughtException: return_moment_number is not a function
TypeError: return_moment_number is not a function
    at Job.job (file:///C:/Users/pc/Desktop/project/moonja/back/utils/schedules/index.js:13:35)
    at process.processTicksAndRejections (node:internal/process/task_queues:95:5)
2023-09-06 15:22:00 [로그] error: uncaughtException: return_moment_number is not a function
TypeError: return_moment_number is not a function
    at Job.job (file:///C:/Users/pc/Desktop/project/moonja/back/utils/schedules/index.js:13:35)
    at process.processTicksAndRejections (node:internal/process/task_queues:95:5)
2023-09-06 15:24:00 [로그] error: uncaughtException: return_moment_number is not a function
TypeError: return_moment_number is not a function
    at Job.job (file:///C:/Users/pc/Desktop/project/moonja/back/utils/schedules/index.js:13:35)
    at process.processTicksAndRejections (node:internal/process/task_queues:95:5)
2023-09-06 15:26:00 [로그] error: uncaughtException: return_moment_number is not a function
TypeError: return_moment_number is not a function
    at Job.job (file:///C:/Users/pc/Desktop/project/moonja/back/utils/schedules/index.js:13:35)
    at process.processTicksAndRejections (node:internal/process/task_queues:95:5)
2023-09-06 15:28:00 [로그] error: uncaughtException: return_moment_number is not a function
TypeError: return_moment_number is not a function
    at Job.job (file:///C:/Users/pc/Desktop/project/moonja/back/utils/schedules/index.js:13:35)
    at process.processTicksAndRejections (node:internal/process/task_queues:95:5)
2023-09-06 15:29:00 [로그] error: uncaughtException: return_moment_number is not a function
TypeError: return_moment_number is not a function
    at Job.job (file:///C:/Users/pc/Desktop/project/moonja/back/utils/schedules/index.js:13:35)
    at process.processTicksAndRejections (node:internal/process/task_queues:95:5)
2023-09-06 15:30:00 [로그] error: uncaughtException: return_moment_number is not a function
TypeError: return_moment_number is not a function
    at Job.job (file:///C:/Users/pc/Desktop/project/moonja/back/utils/schedules/index.js:13:35)
    at process.processTicksAndRejections (node:internal/process/task_queues:95:5)
2023-09-06 15:31:00 [로그] error: uncaughtException: return_moment_number is not a function
TypeError: return_moment_number is not a function
    at Job.job (file:///C:/Users/pc/Desktop/project/moonja/back/utils/schedules/index.js:13:35)
    at process.processTicksAndRejections (node:internal/process/task_queues:95:5)
2023-09-06 15:35:00 [로그] error: uncaughtException: return_moment_number is not a function
TypeError: return_moment_number is not a function
    at Job.job (file:///C:/Users/pc/Desktop/project/moonja/back/utils/schedules/index.js:13:35)
    at process.processTicksAndRejections (node:internal/process/task_queues:95:5)
2023-09-06 15:36:00 [로그] error: uncaughtException: return_moment_number is not a function
TypeError: return_moment_number is not a function
    at Job.job (file:///C:/Users/pc/Desktop/project/moonja/back/utils/schedules/index.js:13:35)
    at process.processTicksAndRejections (node:internal/process/task_queues:95:5)
2023-09-06 15:37:00 [로그] error: uncaughtException: return_moment_number is not a function
TypeError: return_moment_number is not a function
    at Job.job (file:///C:/Users/pc/Desktop/project/moonja/back/utils/schedules/index.js:13:35)
    at process.processTicksAndRejections (node:internal/process/task_queues:95:5)
2023-09-06 15:42:37 [로그] error: uncaughtException: ER_ACCESS_DENIED_ERROR: Access denied for user 'root'@'localhost' (using password: YES)
Error: ER_ACCESS_DENIED_ERROR: Access denied for user 'root'@'localhost' (using password: YES)
    at Sequence._packetToError (C:\Users\pc\Desktop\project\moonja\back\node_modules\mysql\lib\protocol\sequences\Sequence.js:47:14)
    at Handshake.ErrorPacket (C:\Users\pc\Desktop\project\moonja\back\node_modules\mysql\lib\protocol\sequences\Handshake.js:123:18)
    at Protocol._parsePacket (C:\Users\pc\Desktop\project\moonja\back\node_modules\mysql\lib\protocol\Protocol.js:291:23)
    at Parser._parsePacket (C:\Users\pc\Desktop\project\moonja\back\node_modules\mysql\lib\protocol\Parser.js:433:10)
    at Parser.write (C:\Users\pc\Desktop\project\moonja\back\node_modules\mysql\lib\protocol\Parser.js:43:10)
    at Protocol.write (C:\Users\pc\Desktop\project\moonja\back\node_modules\mysql\lib\protocol\Protocol.js:38:16)
    at Socket.<anonymous> (C:\Users\pc\Desktop\project\moonja\back\node_modules\mysql\lib\Connection.js:88:28)
    at Socket.<anonymous> (C:\Users\pc\Desktop\project\moonja\back\node_modules\mysql\lib\Connection.js:526:10)
    at Socket.emit (node:events:513:28)
    at addChunk (node:internal/streams/readable:324:12)
    --------------------
    at Protocol._enqueue (C:\Users\pc\Desktop\project\moonja\back\node_modules\mysql\lib\protocol\Protocol.js:144:48)
    at Protocol.handshake (C:\Users\pc\Desktop\project\moonja\back\node_modules\mysql\lib\protocol\Protocol.js:51:23)
    at Connection.connect (C:\Users\pc\Desktop\project\moonja\back\node_modules\mysql\lib\Connection.js:116:18)
    at file:///C:/Users/pc/Desktop/project/moonja/back/config/db.js:14:4
    at ModuleJob.run (node:internal/modules/esm/module_job:194:25)
2023-09-06 15:42:47 [로그] error: uncaughtException: ER_ACCESS_DENIED_ERROR: Access denied for user 'root'@'localhost' (using password: YES)
Error: ER_ACCESS_DENIED_ERROR: Access denied for user 'root'@'localhost' (using password: YES)
    at Sequence._packetToError (C:\Users\pc\Desktop\project\moonja\back\node_modules\mysql\lib\protocol\sequences\Sequence.js:47:14)
    at Handshake.ErrorPacket (C:\Users\pc\Desktop\project\moonja\back\node_modules\mysql\lib\protocol\sequences\Handshake.js:123:18)
    at Protocol._parsePacket (C:\Users\pc\Desktop\project\moonja\back\node_modules\mysql\lib\protocol\Protocol.js:291:23)
    at Parser._parsePacket (C:\Users\pc\Desktop\project\moonja\back\node_modules\mysql\lib\protocol\Parser.js:433:10)
    at Parser.write (C:\Users\pc\Desktop\project\moonja\back\node_modules\mysql\lib\protocol\Parser.js:43:10)
    at Protocol.write (C:\Users\pc\Desktop\project\moonja\back\node_modules\mysql\lib\protocol\Protocol.js:38:16)
    at Socket.<anonymous> (C:\Users\pc\Desktop\project\moonja\back\node_modules\mysql\lib\Connection.js:88:28)
    at Socket.<anonymous> (C:\Users\pc\Desktop\project\moonja\back\node_modules\mysql\lib\Connection.js:526:10)
    at Socket.emit (node:events:513:28)
    at addChunk (node:internal/streams/readable:324:12)
    --------------------
    at Protocol._enqueue (C:\Users\pc\Desktop\project\moonja\back\node_modules\mysql\lib\protocol\Protocol.js:144:48)
    at Protocol.handshake (C:\Users\pc\Desktop\project\moonja\back\node_modules\mysql\lib\protocol\Protocol.js:51:23)
    at Connection.connect (C:\Users\pc\Desktop\project\moonja\back\node_modules\mysql\lib\Connection.js:116:18)
    at file:///C:/Users/pc/Desktop/project/moonja/back/config/db.js:14:4
    at ModuleJob.run (node:internal/modules/esm/module_job:194:25)
2023-09-06 15:42:54 [로그] error: uncaughtException: ER_ACCESS_DENIED_ERROR: Access denied for user 'root'@'localhost' (using password: YES)
Error: ER_ACCESS_DENIED_ERROR: Access denied for user 'root'@'localhost' (using password: YES)
    at Sequence._packetToError (C:\Users\pc\Desktop\project\moonja\back\node_modules\mysql\lib\protocol\sequences\Sequence.js:47:14)
    at Handshake.ErrorPacket (C:\Users\pc\Desktop\project\moonja\back\node_modules\mysql\lib\protocol\sequences\Handshake.js:123:18)
    at Protocol._parsePacket (C:\Users\pc\Desktop\project\moonja\back\node_modules\mysql\lib\protocol\Protocol.js:291:23)
    at Parser._parsePacket (C:\Users\pc\Desktop\project\moonja\back\node_modules\mysql\lib\protocol\Parser.js:433:10)
    at Parser.write (C:\Users\pc\Desktop\project\moonja\back\node_modules\mysql\lib\protocol\Parser.js:43:10)
    at Protocol.write (C:\Users\pc\Desktop\project\moonja\back\node_modules\mysql\lib\protocol\Protocol.js:38:16)
    at Socket.<anonymous> (C:\Users\pc\Desktop\project\moonja\back\node_modules\mysql\lib\Connection.js:88:28)
    at Socket.<anonymous> (C:\Users\pc\Desktop\project\moonja\back\node_modules\mysql\lib\Connection.js:526:10)
    at Socket.emit (node:events:513:28)
    at addChunk (node:internal/streams/readable:324:12)
    --------------------
    at Protocol._enqueue (C:\Users\pc\Desktop\project\moonja\back\node_modules\mysql\lib\protocol\Protocol.js:144:48)
    at Protocol.handshake (C:\Users\pc\Desktop\project\moonja\back\node_modules\mysql\lib\protocol\Protocol.js:51:23)
    at Connection.connect (C:\Users\pc\Desktop\project\moonja\back\node_modules\mysql\lib\Connection.js:116:18)
    at file:///C:/Users/pc/Desktop/project/moonja/back/config/db.js:14:4
    at ModuleJob.run (node:internal/modules/esm/module_job:194:25)
2023-09-06 15:45:16 [로그] error: uncaughtException: ER_ACCESS_DENIED_ERROR: Access denied for user 'root'@'localhost' (using password: YES)
Error: ER_ACCESS_DENIED_ERROR: Access denied for user 'root'@'localhost' (using password: YES)
    at Sequence._packetToError (C:\Users\pc\Desktop\project\moonja\back\node_modules\mysql\lib\protocol\sequences\Sequence.js:47:14)
    at Handshake.ErrorPacket (C:\Users\pc\Desktop\project\moonja\back\node_modules\mysql\lib\protocol\sequences\Handshake.js:123:18)
    at Protocol._parsePacket (C:\Users\pc\Desktop\project\moonja\back\node_modules\mysql\lib\protocol\Protocol.js:291:23)
    at Parser._parsePacket (C:\Users\pc\Desktop\project\moonja\back\node_modules\mysql\lib\protocol\Parser.js:433:10)
    at Parser.write (C:\Users\pc\Desktop\project\moonja\back\node_modules\mysql\lib\protocol\Parser.js:43:10)
    at Protocol.write (C:\Users\pc\Desktop\project\moonja\back\node_modules\mysql\lib\protocol\Protocol.js:38:16)
    at Socket.<anonymous> (C:\Users\pc\Desktop\project\moonja\back\node_modules\mysql\lib\Connection.js:88:28)
    at Socket.<anonymous> (C:\Users\pc\Desktop\project\moonja\back\node_modules\mysql\lib\Connection.js:526:10)
    at Socket.emit (node:events:513:28)
    at addChunk (node:internal/streams/readable:324:12)
    --------------------
    at Protocol._enqueue (C:\Users\pc\Desktop\project\moonja\back\node_modules\mysql\lib\protocol\Protocol.js:144:48)
    at Protocol.handshake (C:\Users\pc\Desktop\project\moonja\back\node_modules\mysql\lib\protocol\Protocol.js:51:23)
    at Connection.connect (C:\Users\pc\Desktop\project\moonja\back\node_modules\mysql\lib\Connection.js:116:18)
    at file:///C:/Users/pc/Desktop/project/moonja/back/config/db.js:14:4
    at ModuleJob.run (node:internal/modules/esm/module_job:194:25)
2023-09-06 15:45:19 [로그] error: uncaughtException: ER_ACCESS_DENIED_ERROR: Access denied for user 'root'@'localhost' (using password: YES)
Error: ER_ACCESS_DENIED_ERROR: Access denied for user 'root'@'localhost' (using password: YES)
    at Sequence._packetToError (C:\Users\pc\Desktop\project\moonja\back\node_modules\mysql\lib\protocol\sequences\Sequence.js:47:14)
    at Handshake.ErrorPacket (C:\Users\pc\Desktop\project\moonja\back\node_modules\mysql\lib\protocol\sequences\Handshake.js:123:18)
    at Protocol._parsePacket (C:\Users\pc\Desktop\project\moonja\back\node_modules\mysql\lib\protocol\Protocol.js:291:23)
    at Parser._parsePacket (C:\Users\pc\Desktop\project\moonja\back\node_modules\mysql\lib\protocol\Parser.js:433:10)
    at Parser.write (C:\Users\pc\Desktop\project\moonja\back\node_modules\mysql\lib\protocol\Parser.js:43:10)
    at Protocol.write (C:\Users\pc\Desktop\project\moonja\back\node_modules\mysql\lib\protocol\Protocol.js:38:16)
    at Socket.<anonymous> (C:\Users\pc\Desktop\project\moonja\back\node_modules\mysql\lib\Connection.js:88:28)
    at Socket.<anonymous> (C:\Users\pc\Desktop\project\moonja\back\node_modules\mysql\lib\Connection.js:526:10)
    at Socket.emit (node:events:513:28)
    at addChunk (node:internal/streams/readable:324:12)
    --------------------
    at Protocol._enqueue (C:\Users\pc\Desktop\project\moonja\back\node_modules\mysql\lib\protocol\Protocol.js:144:48)
    at Protocol.handshake (C:\Users\pc\Desktop\project\moonja\back\node_modules\mysql\lib\protocol\Protocol.js:51:23)
    at Connection.connect (C:\Users\pc\Desktop\project\moonja\back\node_modules\mysql\lib\Connection.js:116:18)
    at file:///C:/Users/pc/Desktop/project/moonja/back/config/db.js:14:4
    at ModuleJob.run (node:internal/modules/esm/module_job:194:25)
2023-09-06 15:45:19 [로그] error: uncaughtException: ER_ACCESS_DENIED_ERROR: Access denied for user 'root'@'localhost' (using password: YES)
Error: ER_ACCESS_DENIED_ERROR: Access denied for user 'root'@'localhost' (using password: YES)
    at Sequence._packetToError (C:\Users\pc\Desktop\project\moonja\back\node_modules\mysql\lib\protocol\sequences\Sequence.js:47:14)
    at Handshake.ErrorPacket (C:\Users\pc\Desktop\project\moonja\back\node_modules\mysql\lib\protocol\sequences\Handshake.js:123:18)
    at Protocol._parsePacket (C:\Users\pc\Desktop\project\moonja\back\node_modules\mysql\lib\protocol\Protocol.js:291:23)
    at Parser._parsePacket (C:\Users\pc\Desktop\project\moonja\back\node_modules\mysql\lib\protocol\Parser.js:433:10)
    at Parser.write (C:\Users\pc\Desktop\project\moonja\back\node_modules\mysql\lib\protocol\Parser.js:43:10)
    at Protocol.write (C:\Users\pc\Desktop\project\moonja\back\node_modules\mysql\lib\protocol\Protocol.js:38:16)
    at Socket.<anonymous> (C:\Users\pc\Desktop\project\moonja\back\node_modules\mysql\lib\Connection.js:88:28)
    at Socket.<anonymous> (C:\Users\pc\Desktop\project\moonja\back\node_modules\mysql\lib\Connection.js:526:10)
    at Socket.emit (node:events:513:28)
    at addChunk (node:internal/streams/readable:324:12)
    --------------------
    at Protocol._enqueue (C:\Users\pc\Desktop\project\moonja\back\node_modules\mysql\lib\protocol\Protocol.js:144:48)
    at Protocol.handshake (C:\Users\pc\Desktop\project\moonja\back\node_modules\mysql\lib\protocol\Protocol.js:51:23)
    at Connection.connect (C:\Users\pc\Desktop\project\moonja\back\node_modules\mysql\lib\Connection.js:116:18)
    at file:///C:/Users/pc/Desktop/project/moonja/back/config/db.js:14:4
    at ModuleJob.run (node:internal/modules/esm/module_job:194:25)
2023-09-06 15:45:19 [로그] error: uncaughtException: ER_ACCESS_DENIED_ERROR: Access denied for user 'root'@'localhost' (using password: YES)
Error: ER_ACCESS_DENIED_ERROR: Access denied for user 'root'@'localhost' (using password: YES)
    at Sequence._packetToError (C:\Users\pc\Desktop\project\moonja\back\node_modules\mysql\lib\protocol\sequences\Sequence.js:47:14)
    at Handshake.ErrorPacket (C:\Users\pc\Desktop\project\moonja\back\node_modules\mysql\lib\protocol\sequences\Handshake.js:123:18)
    at Protocol._parsePacket (C:\Users\pc\Desktop\project\moonja\back\node_modules\mysql\lib\protocol\Protocol.js:291:23)
    at Parser._parsePacket (C:\Users\pc\Desktop\project\moonja\back\node_modules\mysql\lib\protocol\Parser.js:433:10)
    at Parser.write (C:\Users\pc\Desktop\project\moonja\back\node_modules\mysql\lib\protocol\Parser.js:43:10)
    at Protocol.write (C:\Users\pc\Desktop\project\moonja\back\node_modules\mysql\lib\protocol\Protocol.js:38:16)
    at Socket.<anonymous> (C:\Users\pc\Desktop\project\moonja\back\node_modules\mysql\lib\Connection.js:88:28)
    at Socket.<anonymous> (C:\Users\pc\Desktop\project\moonja\back\node_modules\mysql\lib\Connection.js:526:10)
    at Socket.emit (node:events:513:28)
    at addChunk (node:internal/streams/readable:324:12)
    --------------------
    at Protocol._enqueue (C:\Users\pc\Desktop\project\moonja\back\node_modules\mysql\lib\protocol\Protocol.js:144:48)
    at Protocol.handshake (C:\Users\pc\Desktop\project\moonja\back\node_modules\mysql\lib\protocol\Protocol.js:51:23)
    at Connection.connect (C:\Users\pc\Desktop\project\moonja\back\node_modules\mysql\lib\Connection.js:116:18)
    at file:///C:/Users/pc/Desktop/project/moonja/back/config/db.js:14:4
    at ModuleJob.run (node:internal/modules/esm/module_job:194:25)
2023-09-06 15:45:19 [로그] error: uncaughtException: ER_ACCESS_DENIED_ERROR: Access denied for user 'root'@'localhost' (using password: YES)
Error: ER_ACCESS_DENIED_ERROR: Access denied for user 'root'@'localhost' (using password: YES)
    at Sequence._packetToError (C:\Users\pc\Desktop\project\moonja\back\node_modules\mysql\lib\protocol\sequences\Sequence.js:47:14)
    at Handshake.ErrorPacket (C:\Users\pc\Desktop\project\moonja\back\node_modules\mysql\lib\protocol\sequences\Handshake.js:123:18)
    at Protocol._parsePacket (C:\Users\pc\Desktop\project\moonja\back\node_modules\mysql\lib\protocol\Protocol.js:291:23)
    at Parser._parsePacket (C:\Users\pc\Desktop\project\moonja\back\node_modules\mysql\lib\protocol\Parser.js:433:10)
    at Parser.write (C:\Users\pc\Desktop\project\moonja\back\node_modules\mysql\lib\protocol\Parser.js:43:10)
    at Protocol.write (C:\Users\pc\Desktop\project\moonja\back\node_modules\mysql\lib\protocol\Protocol.js:38:16)
    at Socket.<anonymous> (C:\Users\pc\Desktop\project\moonja\back\node_modules\mysql\lib\Connection.js:88:28)
    at Socket.<anonymous> (C:\Users\pc\Desktop\project\moonja\back\node_modules\mysql\lib\Connection.js:526:10)
    at Socket.emit (node:events:513:28)
    at addChunk (node:internal/streams/readable:324:12)
    --------------------
    at Protocol._enqueue (C:\Users\pc\Desktop\project\moonja\back\node_modules\mysql\lib\protocol\Protocol.js:144:48)
    at Protocol.handshake (C:\Users\pc\Desktop\project\moonja\back\node_modules\mysql\lib\protocol\Protocol.js:51:23)
    at Connection.connect (C:\Users\pc\Desktop\project\moonja\back\node_modules\mysql\lib\Connection.js:116:18)
    at file:///C:/Users/pc/Desktop/project/moonja/back/config/db.js:14:4
    at ModuleJob.run (node:internal/modules/esm/module_job:194:25)
2023-09-06 15:45:19 [로그] error: uncaughtException: ER_ACCESS_DENIED_ERROR: Access denied for user 'root'@'localhost' (using password: YES)
Error: ER_ACCESS_DENIED_ERROR: Access denied for user 'root'@'localhost' (using password: YES)
    at Sequence._packetToError (C:\Users\pc\Desktop\project\moonja\back\node_modules\mysql\lib\protocol\sequences\Sequence.js:47:14)
    at Handshake.ErrorPacket (C:\Users\pc\Desktop\project\moonja\back\node_modules\mysql\lib\protocol\sequences\Handshake.js:123:18)
    at Protocol._parsePacket (C:\Users\pc\Desktop\project\moonja\back\node_modules\mysql\lib\protocol\Protocol.js:291:23)
    at Parser._parsePacket (C:\Users\pc\Desktop\project\moonja\back\node_modules\mysql\lib\protocol\Parser.js:433:10)
    at Parser.write (C:\Users\pc\Desktop\project\moonja\back\node_modules\mysql\lib\protocol\Parser.js:43:10)
    at Protocol.write (C:\Users\pc\Desktop\project\moonja\back\node_modules\mysql\lib\protocol\Protocol.js:38:16)
    at Socket.<anonymous> (C:\Users\pc\Desktop\project\moonja\back\node_modules\mysql\lib\Connection.js:88:28)
    at Socket.<anonymous> (C:\Users\pc\Desktop\project\moonja\back\node_modules\mysql\lib\Connection.js:526:10)
    at Socket.emit (node:events:513:28)
    at addChunk (node:internal/streams/readable:324:12)
    --------------------
    at Protocol._enqueue (C:\Users\pc\Desktop\project\moonja\back\node_modules\mysql\lib\protocol\Protocol.js:144:48)
    at Protocol.handshake (C:\Users\pc\Desktop\project\moonja\back\node_modules\mysql\lib\protocol\Protocol.js:51:23)
    at Connection.connect (C:\Users\pc\Desktop\project\moonja\back\node_modules\mysql\lib\Connection.js:116:18)
    at file:///C:/Users/pc/Desktop/project/moonja/back/config/db.js:14:4
    at ModuleJob.run (node:internal/modules/esm/module_job:194:25)
2023-09-06 15:45:19 [로그] error: uncaughtException: ER_ACCESS_DENIED_ERROR: Access denied for user 'root'@'localhost' (using password: YES)
Error: ER_ACCESS_DENIED_ERROR: Access denied for user 'root'@'localhost' (using password: YES)
    at Sequence._packetToError (C:\Users\pc\Desktop\project\moonja\back\node_modules\mysql\lib\protocol\sequences\Sequence.js:47:14)
    at Handshake.ErrorPacket (C:\Users\pc\Desktop\project\moonja\back\node_modules\mysql\lib\protocol\sequences\Handshake.js:123:18)
    at Protocol._parsePacket (C:\Users\pc\Desktop\project\moonja\back\node_modules\mysql\lib\protocol\Protocol.js:291:23)
    at Parser._parsePacket (C:\Users\pc\Desktop\project\moonja\back\node_modules\mysql\lib\protocol\Parser.js:433:10)
    at Parser.write (C:\Users\pc\Desktop\project\moonja\back\node_modules\mysql\lib\protocol\Parser.js:43:10)
    at Protocol.write (C:\Users\pc\Desktop\project\moonja\back\node_modules\mysql\lib\protocol\Protocol.js:38:16)
    at Socket.<anonymous> (C:\Users\pc\Desktop\project\moonja\back\node_modules\mysql\lib\Connection.js:88:28)
    at Socket.<anonymous> (C:\Users\pc\Desktop\project\moonja\back\node_modules\mysql\lib\Connection.js:526:10)
    at Socket.emit (node:events:513:28)
    at addChunk (node:internal/streams/readable:324:12)
    --------------------
    at Protocol._enqueue (C:\Users\pc\Desktop\project\moonja\back\node_modules\mysql\lib\protocol\Protocol.js:144:48)
    at Protocol.handshake (C:\Users\pc\Desktop\project\moonja\back\node_modules\mysql\lib\protocol\Protocol.js:51:23)
    at Connection.connect (C:\Users\pc\Desktop\project\moonja\back\node_modules\mysql\lib\Connection.js:116:18)
    at file:///C:/Users/pc/Desktop/project/moonja/back/config/db.js:14:4
    at ModuleJob.run (node:internal/modules/esm/module_job:194:25)
2023-09-06 15:45:19 [로그] error: uncaughtException: ER_ACCESS_DENIED_ERROR: Access denied for user 'root'@'localhost' (using password: YES)
Error: ER_ACCESS_DENIED_ERROR: Access denied for user 'root'@'localhost' (using password: YES)
    at Sequence._packetToError (C:\Users\pc\Desktop\project\moonja\back\node_modules\mysql\lib\protocol\sequences\Sequence.js:47:14)
    at Handshake.ErrorPacket (C:\Users\pc\Desktop\project\moonja\back\node_modules\mysql\lib\protocol\sequences\Handshake.js:123:18)
    at Protocol._parsePacket (C:\Users\pc\Desktop\project\moonja\back\node_modules\mysql\lib\protocol\Protocol.js:291:23)
    at Parser._parsePacket (C:\Users\pc\Desktop\project\moonja\back\node_modules\mysql\lib\protocol\Parser.js:433:10)
    at Parser.write (C:\Users\pc\Desktop\project\moonja\back\node_modules\mysql\lib\protocol\Parser.js:43:10)
    at Protocol.write (C:\Users\pc\Desktop\project\moonja\back\node_modules\mysql\lib\protocol\Protocol.js:38:16)
    at Socket.<anonymous> (C:\Users\pc\Desktop\project\moonja\back\node_modules\mysql\lib\Connection.js:88:28)
    at Socket.<anonymous> (C:\Users\pc\Desktop\project\moonja\back\node_modules\mysql\lib\Connection.js:526:10)
    at Socket.emit (node:events:513:28)
    at addChunk (node:internal/streams/readable:324:12)
    --------------------
    at Protocol._enqueue (C:\Users\pc\Desktop\project\moonja\back\node_modules\mysql\lib\protocol\Protocol.js:144:48)
    at Protocol.handshake (C:\Users\pc\Desktop\project\moonja\back\node_modules\mysql\lib\protocol\Protocol.js:51:23)
    at Connection.connect (C:\Users\pc\Desktop\project\moonja\back\node_modules\mysql\lib\Connection.js:116:18)
    at file:///C:/Users/pc/Desktop/project/moonja/back/config/db.js:14:4
    at ModuleJob.run (node:internal/modules/esm/module_job:194:25)
2023-09-06 15:45:19 [로그] error: uncaughtException: ER_ACCESS_DENIED_ERROR: Access denied for user 'root'@'localhost' (using password: YES)
Error: ER_ACCESS_DENIED_ERROR: Access denied for user 'root'@'localhost' (using password: YES)
    at Sequence._packetToError (C:\Users\pc\Desktop\project\moonja\back\node_modules\mysql\lib\protocol\sequences\Sequence.js:47:14)
    at Handshake.ErrorPacket (C:\Users\pc\Desktop\project\moonja\back\node_modules\mysql\lib\protocol\sequences\Handshake.js:123:18)
    at Protocol._parsePacket (C:\Users\pc\Desktop\project\moonja\back\node_modules\mysql\lib\protocol\Protocol.js:291:23)
    at Parser._parsePacket (C:\Users\pc\Desktop\project\moonja\back\node_modules\mysql\lib\protocol\Parser.js:433:10)
    at Parser.write (C:\Users\pc\Desktop\project\moonja\back\node_modules\mysql\lib\protocol\Parser.js:43:10)
    at Protocol.write (C:\Users\pc\Desktop\project\moonja\back\node_modules\mysql\lib\protocol\Protocol.js:38:16)
    at Socket.<anonymous> (C:\Users\pc\Desktop\project\moonja\back\node_modules\mysql\lib\Connection.js:88:28)
    at Socket.<anonymous> (C:\Users\pc\Desktop\project\moonja\back\node_modules\mysql\lib\Connection.js:526:10)
    at Socket.emit (node:events:513:28)
    at addChunk (node:internal/streams/readable:324:12)
    --------------------
    at Protocol._enqueue (C:\Users\pc\Desktop\project\moonja\back\node_modules\mysql\lib\protocol\Protocol.js:144:48)
    at Protocol.handshake (C:\Users\pc\Desktop\project\moonja\back\node_modules\mysql\lib\protocol\Protocol.js:51:23)
    at Connection.connect (C:\Users\pc\Desktop\project\moonja\back\node_modules\mysql\lib\Connection.js:116:18)
    at file:///C:/Users/pc/Desktop/project/moonja/back/config/db.js:14:4
    at ModuleJob.run (node:internal/modules/esm/module_job:194:25)
2023-09-06 15:45:19 [로그] error: uncaughtException: ER_ACCESS_DENIED_ERROR: Access denied for user 'root'@'localhost' (using password: YES)
Error: ER_ACCESS_DENIED_ERROR: Access denied for user 'root'@'localhost' (using password: YES)
    at Sequence._packetToError (C:\Users\pc\Desktop\project\moonja\back\node_modules\mysql\lib\protocol\sequences\Sequence.js:47:14)
    at Handshake.ErrorPacket (C:\Users\pc\Desktop\project\moonja\back\node_modules\mysql\lib\protocol\sequences\Handshake.js:123:18)
    at Protocol._parsePacket (C:\Users\pc\Desktop\project\moonja\back\node_modules\mysql\lib\protocol\Protocol.js:291:23)
    at Parser._parsePacket (C:\Users\pc\Desktop\project\moonja\back\node_modules\mysql\lib\protocol\Parser.js:433:10)
    at Parser.write (C:\Users\pc\Desktop\project\moonja\back\node_modules\mysql\lib\protocol\Parser.js:43:10)
    at Protocol.write (C:\Users\pc\Desktop\project\moonja\back\node_modules\mysql\lib\protocol\Protocol.js:38:16)
    at Socket.<anonymous> (C:\Users\pc\Desktop\project\moonja\back\node_modules\mysql\lib\Connection.js:88:28)
    at Socket.<anonymous> (C:\Users\pc\Desktop\project\moonja\back\node_modules\mysql\lib\Connection.js:526:10)
    at Socket.emit (node:events:513:28)
    at addChunk (node:internal/streams/readable:324:12)
    --------------------
    at Protocol._enqueue (C:\Users\pc\Desktop\project\moonja\back\node_modules\mysql\lib\protocol\Protocol.js:144:48)
    at Protocol.handshake (C:\Users\pc\Desktop\project\moonja\back\node_modules\mysql\lib\protocol\Protocol.js:51:23)
    at Connection.connect (C:\Users\pc\Desktop\project\moonja\back\node_modules\mysql\lib\Connection.js:116:18)
    at file:///C:/Users/pc/Desktop/project/moonja/back/config/db.js:14:4
    at ModuleJob.run (node:internal/modules/esm/module_job:194:25)
2023-09-06 15:45:19 [로그] error: uncaughtException: ER_ACCESS_DENIED_ERROR: Access denied for user 'root'@'localhost' (using password: YES)
Error: ER_ACCESS_DENIED_ERROR: Access denied for user 'root'@'localhost' (using password: YES)
    at Sequence._packetToError (C:\Users\pc\Desktop\project\moonja\back\node_modules\mysql\lib\protocol\sequences\Sequence.js:47:14)
    at Handshake.ErrorPacket (C:\Users\pc\Desktop\project\moonja\back\node_modules\mysql\lib\protocol\sequences\Handshake.js:123:18)
    at Protocol._parsePacket (C:\Users\pc\Desktop\project\moonja\back\node_modules\mysql\lib\protocol\Protocol.js:291:23)
    at Parser._parsePacket (C:\Users\pc\Desktop\project\moonja\back\node_modules\mysql\lib\protocol\Parser.js:433:10)
    at Parser.write (C:\Users\pc\Desktop\project\moonja\back\node_modules\mysql\lib\protocol\Parser.js:43:10)
    at Protocol.write (C:\Users\pc\Desktop\project\moonja\back\node_modules\mysql\lib\protocol\Protocol.js:38:16)
    at Socket.<anonymous> (C:\Users\pc\Desktop\project\moonja\back\node_modules\mysql\lib\Connection.js:88:28)
    at Socket.<anonymous> (C:\Users\pc\Desktop\project\moonja\back\node_modules\mysql\lib\Connection.js:526:10)
    at Socket.emit (node:events:513:28)
    at addChunk (node:internal/streams/readable:324:12)
    --------------------
    at Protocol._enqueue (C:\Users\pc\Desktop\project\moonja\back\node_modules\mysql\lib\protocol\Protocol.js:144:48)
    at Protocol.handshake (C:\Users\pc\Desktop\project\moonja\back\node_modules\mysql\lib\protocol\Protocol.js:51:23)
    at Connection.connect (C:\Users\pc\Desktop\project\moonja\back\node_modules\mysql\lib\Connection.js:116:18)
    at file:///C:/Users/pc/Desktop/project/moonja/back/config/db.js:14:4
    at ModuleJob.run (node:internal/modules/esm/module_job:194:25)
2023-09-06 15:45:19 [로그] error: uncaughtException: ER_ACCESS_DENIED_ERROR: Access denied for user 'root'@'localhost' (using password: YES)
Error: ER_ACCESS_DENIED_ERROR: Access denied for user 'root'@'localhost' (using password: YES)
    at Sequence._packetToError (C:\Users\pc\Desktop\project\moonja\back\node_modules\mysql\lib\protocol\sequences\Sequence.js:47:14)
    at Handshake.ErrorPacket (C:\Users\pc\Desktop\project\moonja\back\node_modules\mysql\lib\protocol\sequences\Handshake.js:123:18)
    at Protocol._parsePacket (C:\Users\pc\Desktop\project\moonja\back\node_modules\mysql\lib\protocol\Protocol.js:291:23)
    at Parser._parsePacket (C:\Users\pc\Desktop\project\moonja\back\node_modules\mysql\lib\protocol\Parser.js:433:10)
    at Parser.write (C:\Users\pc\Desktop\project\moonja\back\node_modules\mysql\lib\protocol\Parser.js:43:10)
    at Protocol.write (C:\Users\pc\Desktop\project\moonja\back\node_modules\mysql\lib\protocol\Protocol.js:38:16)
    at Socket.<anonymous> (C:\Users\pc\Desktop\project\moonja\back\node_modules\mysql\lib\Connection.js:88:28)
    at Socket.<anonymous> (C:\Users\pc\Desktop\project\moonja\back\node_modules\mysql\lib\Connection.js:526:10)
    at Socket.emit (node:events:513:28)
    at addChunk (node:internal/streams/readable:324:12)
    --------------------
    at Protocol._enqueue (C:\Users\pc\Desktop\project\moonja\back\node_modules\mysql\lib\protocol\Protocol.js:144:48)
    at Protocol.handshake (C:\Users\pc\Desktop\project\moonja\back\node_modules\mysql\lib\protocol\Protocol.js:51:23)
    at Connection.connect (C:\Users\pc\Desktop\project\moonja\back\node_modules\mysql\lib\Connection.js:116:18)
    at file:///C:/Users/pc/Desktop/project/moonja/back/config/db.js:14:4
    at ModuleJob.run (node:internal/modules/esm/module_job:194:25)
2023-09-06 15:45:19 [로그] error: uncaughtException: ER_ACCESS_DENIED_ERROR: Access denied for user 'root'@'localhost' (using password: YES)
Error: ER_ACCESS_DENIED_ERROR: Access denied for user 'root'@'localhost' (using password: YES)
    at Sequence._packetToError (C:\Users\pc\Desktop\project\moonja\back\node_modules\mysql\lib\protocol\sequences\Sequence.js:47:14)
    at Handshake.ErrorPacket (C:\Users\pc\Desktop\project\moonja\back\node_modules\mysql\lib\protocol\sequences\Handshake.js:123:18)
    at Protocol._parsePacket (C:\Users\pc\Desktop\project\moonja\back\node_modules\mysql\lib\protocol\Protocol.js:291:23)
    at Parser._parsePacket (C:\Users\pc\Desktop\project\moonja\back\node_modules\mysql\lib\protocol\Parser.js:433:10)
    at Parser.write (C:\Users\pc\Desktop\project\moonja\back\node_modules\mysql\lib\protocol\Parser.js:43:10)
    at Protocol.write (C:\Users\pc\Desktop\project\moonja\back\node_modules\mysql\lib\protocol\Protocol.js:38:16)
    at Socket.<anonymous> (C:\Users\pc\Desktop\project\moonja\back\node_modules\mysql\lib\Connection.js:88:28)
    at Socket.<anonymous> (C:\Users\pc\Desktop\project\moonja\back\node_modules\mysql\lib\Connection.js:526:10)
    at Socket.emit (node:events:513:28)
    at addChunk (node:internal/streams/readable:324:12)
    --------------------
    at Protocol._enqueue (C:\Users\pc\Desktop\project\moonja\back\node_modules\mysql\lib\protocol\Protocol.js:144:48)
    at Protocol.handshake (C:\Users\pc\Desktop\project\moonja\back\node_modules\mysql\lib\protocol\Protocol.js:51:23)
    at Connection.connect (C:\Users\pc\Desktop\project\moonja\back\node_modules\mysql\lib\Connection.js:116:18)
    at file:///C:/Users/pc/Desktop/project/moonja/back/config/db.js:14:4
    at ModuleJob.run (node:internal/modules/esm/module_job:194:25)
2023-09-06 15:45:19 [로그] error: uncaughtException: ER_ACCESS_DENIED_ERROR: Access denied for user 'root'@'localhost' (using password: YES)
Error: ER_ACCESS_DENIED_ERROR: Access denied for user 'root'@'localhost' (using password: YES)
    at Sequence._packetToError (C:\Users\pc\Desktop\project\moonja\back\node_modules\mysql\lib\protocol\sequences\Sequence.js:47:14)
    at Handshake.ErrorPacket (C:\Users\pc\Desktop\project\moonja\back\node_modules\mysql\lib\protocol\sequences\Handshake.js:123:18)
    at Protocol._parsePacket (C:\Users\pc\Desktop\project\moonja\back\node_modules\mysql\lib\protocol\Protocol.js:291:23)
    at Parser._parsePacket (C:\Users\pc\Desktop\project\moonja\back\node_modules\mysql\lib\protocol\Parser.js:433:10)
    at Parser.write (C:\Users\pc\Desktop\project\moonja\back\node_modules\mysql\lib\protocol\Parser.js:43:10)
    at Protocol.write (C:\Users\pc\Desktop\project\moonja\back\node_modules\mysql\lib\protocol\Protocol.js:38:16)
    at Socket.<anonymous> (C:\Users\pc\Desktop\project\moonja\back\node_modules\mysql\lib\Connection.js:88:28)
    at Socket.<anonymous> (C:\Users\pc\Desktop\project\moonja\back\node_modules\mysql\lib\Connection.js:526:10)
    at Socket.emit (node:events:513:28)
    at addChunk (node:internal/streams/readable:324:12)
    --------------------
    at Protocol._enqueue (C:\Users\pc\Desktop\project\moonja\back\node_modules\mysql\lib\protocol\Protocol.js:144:48)
    at Protocol.handshake (C:\Users\pc\Desktop\project\moonja\back\node_modules\mysql\lib\protocol\Protocol.js:51:23)
    at Connection.connect (C:\Users\pc\Desktop\project\moonja\back\node_modules\mysql\lib\Connection.js:116:18)
    at file:///C:/Users/pc/Desktop/project/moonja/back/config/db.js:14:4
    at ModuleJob.run (node:internal/modules/esm/module_job:194:25)
2023-09-06 15:45:19 [로그] error: uncaughtException: ER_ACCESS_DENIED_ERROR: Access denied for user 'root'@'localhost' (using password: YES)
Error: ER_ACCESS_DENIED_ERROR: Access denied for user 'root'@'localhost' (using password: YES)
    at Sequence._packetToError (C:\Users\pc\Desktop\project\moonja\back\node_modules\mysql\lib\protocol\sequences\Sequence.js:47:14)
    at Handshake.ErrorPacket (C:\Users\pc\Desktop\project\moonja\back\node_modules\mysql\lib\protocol\sequences\Handshake.js:123:18)
    at Protocol._parsePacket (C:\Users\pc\Desktop\project\moonja\back\node_modules\mysql\lib\protocol\Protocol.js:291:23)
    at Parser._parsePacket (C:\Users\pc\Desktop\project\moonja\back\node_modules\mysql\lib\protocol\Parser.js:433:10)
    at Parser.write (C:\Users\pc\Desktop\project\moonja\back\node_modules\mysql\lib\protocol\Parser.js:43:10)
    at Protocol.write (C:\Users\pc\Desktop\project\moonja\back\node_modules\mysql\lib\protocol\Protocol.js:38:16)
    at Socket.<anonymous> (C:\Users\pc\Desktop\project\moonja\back\node_modules\mysql\lib\Connection.js:88:28)
    at Socket.<anonymous> (C:\Users\pc\Desktop\project\moonja\back\node_modules\mysql\lib\Connection.js:526:10)
    at Socket.emit (node:events:513:28)
    at addChunk (node:internal/streams/readable:324:12)
    --------------------
    at Protocol._enqueue (C:\Users\pc\Desktop\project\moonja\back\node_modules\mysql\lib\protocol\Protocol.js:144:48)
    at Protocol.handshake (C:\Users\pc\Desktop\project\moonja\back\node_modules\mysql\lib\protocol\Protocol.js:51:23)
    at Connection.connect (C:\Users\pc\Desktop\project\moonja\back\node_modules\mysql\lib\Connection.js:116:18)
    at file:///C:/Users/pc/Desktop/project/moonja/back/config/db.js:14:4
    at ModuleJob.run (node:internal/modules/esm/module_job:194:25)
2023-09-06 15:45:19 [로그] error: uncaughtException: ER_ACCESS_DENIED_ERROR: Access denied for user 'root'@'localhost' (using password: YES)
Error: ER_ACCESS_DENIED_ERROR: Access denied for user 'root'@'localhost' (using password: YES)
    at Sequence._packetToError (C:\Users\pc\Desktop\project\moonja\back\node_modules\mysql\lib\protocol\sequences\Sequence.js:47:14)
    at Handshake.ErrorPacket (C:\Users\pc\Desktop\project\moonja\back\node_modules\mysql\lib\protocol\sequences\Handshake.js:123:18)
    at Protocol._parsePacket (C:\Users\pc\Desktop\project\moonja\back\node_modules\mysql\lib\protocol\Protocol.js:291:23)
    at Parser._parsePacket (C:\Users\pc\Desktop\project\moonja\back\node_modules\mysql\lib\protocol\Parser.js:433:10)
    at Parser.write (C:\Users\pc\Desktop\project\moonja\back\node_modules\mysql\lib\protocol\Parser.js:43:10)
    at Protocol.write (C:\Users\pc\Desktop\project\moonja\back\node_modules\mysql\lib\protocol\Protocol.js:38:16)
    at Socket.<anonymous> (C:\Users\pc\Desktop\project\moonja\back\node_modules\mysql\lib\Connection.js:88:28)
    at Socket.<anonymous> (C:\Users\pc\Desktop\project\moonja\back\node_modules\mysql\lib\Connection.js:526:10)
    at Socket.emit (node:events:513:28)
    at addChunk (node:internal/streams/readable:324:12)
    --------------------
    at Protocol._enqueue (C:\Users\pc\Desktop\project\moonja\back\node_modules\mysql\lib\protocol\Protocol.js:144:48)
    at Protocol.handshake (C:\Users\pc\Desktop\project\moonja\back\node_modules\mysql\lib\protocol\Protocol.js:51:23)
    at Connection.connect (C:\Users\pc\Desktop\project\moonja\back\node_modules\mysql\lib\Connection.js:116:18)
    at file:///C:/Users/pc/Desktop/project/moonja/back/config/db.js:14:4
    at ModuleJob.run (node:internal/modules/esm/module_job:194:25)
2023-09-06 15:49:00 [로그] error: uncaughtException: return_moment_number is not a function
TypeError: return_moment_number is not a function
    at Job.job (file:///C:/Users/pc/Desktop/project/moonja/back/utils/schedules/index.js:13:35)
    at process.processTicksAndRejections (node:internal/process/task_queues:95:5)
2023-09-06 15:57:00 [로그] error: uncaughtException: return_moment_number is not a function
TypeError: return_moment_number is not a function
    at Job.job (file:///C:/Users/pc/Desktop/project/moonja/back/utils/schedules/index.js:13:35)
    at process.processTicksAndRejections (node:internal/process/task_queues:95:5)
2023-09-06 15:58:00 [로그] error: uncaughtException: return_moment_number is not a function
TypeError: return_moment_number is not a function
    at Job.job (file:///C:/Users/pc/Desktop/project/moonja/back/utils/schedules/index.js:13:35)
    at process.processTicksAndRejections (node:internal/process/task_queues:95:5)
2023-09-06 15:59:00 [로그] error: uncaughtException: return_moment_number is not a function
TypeError: return_moment_number is not a function
    at Job.job (file:///C:/Users/pc/Desktop/project/moonja/back/utils/schedules/index.js:13:35)
    at process.processTicksAndRejections (node:internal/process/task_queues:95:5)
2023-09-06 15:59:20 [로그] error: uncaughtException: Connection lost: The server closed the connection.
Error: Connection lost: The server closed the connection.
    at Protocol.end (C:\Users\pc\Desktop\project\moonja\back\node_modules\mysql\lib\protocol\Protocol.js:112:13)
    at Socket.<anonymous> (C:\Users\pc\Desktop\project\moonja\back\node_modules\mysql\lib\Connection.js:94:28)
    at Socket.<anonymous> (C:\Users\pc\Desktop\project\moonja\back\node_modules\mysql\lib\Connection.js:526:10)
    at Socket.emit (node:events:525:35)
    at endReadableNT (node:internal/streams/readable:1359:12)
    at process.processTicksAndRejections (node:internal/process/task_queues:82:21)
2023-09-06 15:59:20 [로그] error: uncaughtException: Connection lost: The server closed the connection.
Error: Connection lost: The server closed the connection.
    at Protocol.end (C:\Users\pc\Desktop\project\moonja\back\node_modules\mysql\lib\protocol\Protocol.js:112:13)
    at Socket.<anonymous> (C:\Users\pc\Desktop\project\moonja\back\node_modules\mysql\lib\Connection.js:94:28)
    at Socket.<anonymous> (C:\Users\pc\Desktop\project\moonja\back\node_modules\mysql\lib\Connection.js:526:10)
    at Socket.emit (node:events:525:35)
    at endReadableNT (node:internal/streams/readable:1359:12)
    at process.processTicksAndRejections (node:internal/process/task_queues:82:21)
2023-09-06 15:59:20 [로그] error: uncaughtException: Connection lost: The server closed the connection.
Error: Connection lost: The server closed the connection.
    at Protocol.end (C:\Users\pc\Desktop\project\moonja\back\node_modules\mysql\lib\protocol\Protocol.js:112:13)
    at Socket.<anonymous> (C:\Users\pc\Desktop\project\moonja\back\node_modules\mysql\lib\Connection.js:94:28)
    at Socket.<anonymous> (C:\Users\pc\Desktop\project\moonja\back\node_modules\mysql\lib\Connection.js:526:10)
    at Socket.emit (node:events:525:35)
    at endReadableNT (node:internal/streams/readable:1359:12)
    at process.processTicksAndRejections (node:internal/process/task_queues:82:21)
2023-09-06 15:59:20 [로그] error: uncaughtException: Connection lost: The server closed the connection.
Error: Connection lost: The server closed the connection.
    at Protocol.end (C:\Users\pc\Desktop\project\moonja\back\node_modules\mysql\lib\protocol\Protocol.js:112:13)
    at Socket.<anonymous> (C:\Users\pc\Desktop\project\moonja\back\node_modules\mysql\lib\Connection.js:94:28)
    at Socket.<anonymous> (C:\Users\pc\Desktop\project\moonja\back\node_modules\mysql\lib\Connection.js:526:10)
    at Socket.emit (node:events:525:35)
    at endReadableNT (node:internal/streams/readable:1359:12)
    at process.processTicksAndRejections (node:internal/process/task_queues:82:21)
2023-09-06 15:59:20 [로그] error: uncaughtException: Connection lost: The server closed the connection.
Error: Connection lost: The server closed the connection.
    at Protocol.end (C:\Users\pc\Desktop\project\moonja\back\node_modules\mysql\lib\protocol\Protocol.js:112:13)
    at Socket.<anonymous> (C:\Users\pc\Desktop\project\moonja\back\node_modules\mysql\lib\Connection.js:94:28)
    at Socket.<anonymous> (C:\Users\pc\Desktop\project\moonja\back\node_modules\mysql\lib\Connection.js:526:10)
    at Socket.emit (node:events:525:35)
    at endReadableNT (node:internal/streams/readable:1359:12)
    at process.processTicksAndRejections (node:internal/process/task_queues:82:21)
2023-09-06 15:59:20 [로그] error: uncaughtException: Connection lost: The server closed the connection.
Error: Connection lost: The server closed the connection.
    at Protocol.end (C:\Users\pc\Desktop\project\moonja\back\node_modules\mysql\lib\protocol\Protocol.js:112:13)
    at Socket.<anonymous> (C:\Users\pc\Desktop\project\moonja\back\node_modules\mysql\lib\Connection.js:94:28)
    at Socket.<anonymous> (C:\Users\pc\Desktop\project\moonja\back\node_modules\mysql\lib\Connection.js:526:10)
    at Socket.emit (node:events:525:35)
    at endReadableNT (node:internal/streams/readable:1359:12)
    at process.processTicksAndRejections (node:internal/process/task_queues:82:21)
2023-09-06 15:59:20 [로그] error: uncaughtException: Connection lost: The server closed the connection.
Error: Connection lost: The server closed the connection.
    at Protocol.end (C:\Users\pc\Desktop\project\moonja\back\node_modules\mysql\lib\protocol\Protocol.js:112:13)
    at Socket.<anonymous> (C:\Users\pc\Desktop\project\moonja\back\node_modules\mysql\lib\Connection.js:94:28)
    at Socket.<anonymous> (C:\Users\pc\Desktop\project\moonja\back\node_modules\mysql\lib\Connection.js:526:10)
    at Socket.emit (node:events:525:35)
    at endReadableNT (node:internal/streams/readable:1359:12)
    at process.processTicksAndRejections (node:internal/process/task_queues:82:21)
2023-09-06 15:59:20 [로그] error: uncaughtException: Connection lost: The server closed the connection.
Error: Connection lost: The server closed the connection.
    at Protocol.end (C:\Users\pc\Desktop\project\moonja\back\node_modules\mysql\lib\protocol\Protocol.js:112:13)
    at Socket.<anonymous> (C:\Users\pc\Desktop\project\moonja\back\node_modules\mysql\lib\Connection.js:94:28)
    at Socket.<anonymous> (C:\Users\pc\Desktop\project\moonja\back\node_modules\mysql\lib\Connection.js:526:10)
    at Socket.emit (node:events:525:35)
    at endReadableNT (node:internal/streams/readable:1359:12)
    at process.processTicksAndRejections (node:internal/process/task_queues:82:21)
2023-09-06 15:59:20 [로그] error: uncaughtException: Connection lost: The server closed the connection.
Error: Connection lost: The server closed the connection.
    at Protocol.end (C:\Users\pc\Desktop\project\moonja\back\node_modules\mysql\lib\protocol\Protocol.js:112:13)
    at Socket.<anonymous> (C:\Users\pc\Desktop\project\moonja\back\node_modules\mysql\lib\Connection.js:94:28)
    at Socket.<anonymous> (C:\Users\pc\Desktop\project\moonja\back\node_modules\mysql\lib\Connection.js:526:10)
    at Socket.emit (node:events:525:35)
    at endReadableNT (node:internal/streams/readable:1359:12)
    at process.processTicksAndRejections (node:internal/process/task_queues:82:21)
2023-09-06 15:59:20 [로그] error: uncaughtException: Connection lost: The server closed the connection.
Error: Connection lost: The server closed the connection.
    at Protocol.end (C:\Users\pc\Desktop\project\moonja\back\node_modules\mysql\lib\protocol\Protocol.js:112:13)
    at Socket.<anonymous> (C:\Users\pc\Desktop\project\moonja\back\node_modules\mysql\lib\Connection.js:94:28)
    at Socket.<anonymous> (C:\Users\pc\Desktop\project\moonja\back\node_modules\mysql\lib\Connection.js:526:10)
    at Socket.emit (node:events:525:35)
    at endReadableNT (node:internal/streams/readable:1359:12)
    at process.processTicksAndRejections (node:internal/process/task_queues:82:21)
2023-09-06 15:59:20 [로그] error: uncaughtException: Connection lost: The server closed the connection.
Error: Connection lost: The server closed the connection.
    at Protocol.end (C:\Users\pc\Desktop\project\moonja\back\node_modules\mysql\lib\protocol\Protocol.js:112:13)
    at Socket.<anonymous> (C:\Users\pc\Desktop\project\moonja\back\node_modules\mysql\lib\Connection.js:94:28)
    at Socket.<anonymous> (C:\Users\pc\Desktop\project\moonja\back\node_modules\mysql\lib\Connection.js:526:10)
    at Socket.emit (node:events:525:35)
    at endReadableNT (node:internal/streams/readable:1359:12)
    at process.processTicksAndRejections (node:internal/process/task_queues:82:21)
2023-09-06 15:59:20 [로그] error: uncaughtException: Connection lost: The server closed the connection.
Error: Connection lost: The server closed the connection.
    at Protocol.end (C:\Users\pc\Desktop\project\moonja\back\node_modules\mysql\lib\protocol\Protocol.js:112:13)
    at Socket.<anonymous> (C:\Users\pc\Desktop\project\moonja\back\node_modules\mysql\lib\Connection.js:94:28)
    at Socket.<anonymous> (C:\Users\pc\Desktop\project\moonja\back\node_modules\mysql\lib\Connection.js:526:10)
    at Socket.emit (node:events:525:35)
    at endReadableNT (node:internal/streams/readable:1359:12)
    at process.processTicksAndRejections (node:internal/process/task_queues:82:21)
2023-09-06 15:59:20 [로그] error: uncaughtException: Connection lost: The server closed the connection.
Error: Connection lost: The server closed the connection.
    at Protocol.end (C:\Users\pc\Desktop\project\moonja\back\node_modules\mysql\lib\protocol\Protocol.js:112:13)
    at Socket.<anonymous> (C:\Users\pc\Desktop\project\moonja\back\node_modules\mysql\lib\Connection.js:94:28)
    at Socket.<anonymous> (C:\Users\pc\Desktop\project\moonja\back\node_modules\mysql\lib\Connection.js:526:10)
    at Socket.emit (node:events:525:35)
    at endReadableNT (node:internal/streams/readable:1359:12)
    at process.processTicksAndRejections (node:internal/process/task_queues:82:21)
2023-09-06 15:59:20 [로그] error: uncaughtException: Connection lost: The server closed the connection.
Error: Connection lost: The server closed the connection.
    at Protocol.end (C:\Users\pc\Desktop\project\moonja\back\node_modules\mysql\lib\protocol\Protocol.js:112:13)
    at Socket.<anonymous> (C:\Users\pc\Desktop\project\moonja\back\node_modules\mysql\lib\Connection.js:94:28)
    at Socket.<anonymous> (C:\Users\pc\Desktop\project\moonja\back\node_modules\mysql\lib\Connection.js:526:10)
    at Socket.emit (node:events:525:35)
    at endReadableNT (node:internal/streams/readable:1359:12)
    at process.processTicksAndRejections (node:internal/process/task_queues:82:21)
2023-09-06 15:59:20 [로그] error: uncaughtException: Connection lost: The server closed the connection.
Error: Connection lost: The server closed the connection.
    at Protocol.end (C:\Users\pc\Desktop\project\moonja\back\node_modules\mysql\lib\protocol\Protocol.js:112:13)
    at Socket.<anonymous> (C:\Users\pc\Desktop\project\moonja\back\node_modules\mysql\lib\Connection.js:94:28)
    at Socket.<anonymous> (C:\Users\pc\Desktop\project\moonja\back\node_modules\mysql\lib\Connection.js:526:10)
    at Socket.emit (node:events:525:35)
    at endReadableNT (node:internal/streams/readable:1359:12)
    at process.processTicksAndRejections (node:internal/process/task_queues:82:21)
2023-09-06 15:59:20 [로그] error: uncaughtException: Connection lost: The server closed the connection.
Error: Connection lost: The server closed the connection.
    at Protocol.end (C:\Users\pc\Desktop\project\moonja\back\node_modules\mysql\lib\protocol\Protocol.js:112:13)
    at Socket.<anonymous> (C:\Users\pc\Desktop\project\moonja\back\node_modules\mysql\lib\Connection.js:94:28)
    at Socket.<anonymous> (C:\Users\pc\Desktop\project\moonja\back\node_modules\mysql\lib\Connection.js:526:10)
    at Socket.emit (node:events:525:35)
    at endReadableNT (node:internal/streams/readable:1359:12)
    at process.processTicksAndRejections (node:internal/process/task_queues:82:21)
2023-09-06 16:14:00 [로그] error: uncaughtException: return_moment_number is not a function
TypeError: return_moment_number is not a function
    at Job.job (file:///C:/Users/pc/Desktop/project/moonja/back/utils/schedules/index.js:13:35)
    at process.processTicksAndRejections (node:internal/process/task_queues:95:5)
2023-09-06 16:15:05 [로그] error: uncaughtException: ER_ACCESS_DENIED_ERROR: Access denied for user 'root'@'localhost' (using password: YES)
Error: ER_ACCESS_DENIED_ERROR: Access denied for user 'root'@'localhost' (using password: YES)
    at Sequence._packetToError (C:\Users\pc\Desktop\project\moonja\back\node_modules\mysql\lib\protocol\sequences\Sequence.js:47:14)
    at Handshake.ErrorPacket (C:\Users\pc\Desktop\project\moonja\back\node_modules\mysql\lib\protocol\sequences\Handshake.js:123:18)
    at Protocol._parsePacket (C:\Users\pc\Desktop\project\moonja\back\node_modules\mysql\lib\protocol\Protocol.js:291:23)
    at Parser._parsePacket (C:\Users\pc\Desktop\project\moonja\back\node_modules\mysql\lib\protocol\Parser.js:433:10)
    at Parser.write (C:\Users\pc\Desktop\project\moonja\back\node_modules\mysql\lib\protocol\Parser.js:43:10)
    at Protocol.write (C:\Users\pc\Desktop\project\moonja\back\node_modules\mysql\lib\protocol\Protocol.js:38:16)
    at Socket.<anonymous> (C:\Users\pc\Desktop\project\moonja\back\node_modules\mysql\lib\Connection.js:88:28)
    at Socket.<anonymous> (C:\Users\pc\Desktop\project\moonja\back\node_modules\mysql\lib\Connection.js:526:10)
    at Socket.emit (node:events:513:28)
    at addChunk (node:internal/streams/readable:324:12)
    --------------------
    at Protocol._enqueue (C:\Users\pc\Desktop\project\moonja\back\node_modules\mysql\lib\protocol\Protocol.js:144:48)
    at Protocol.handshake (C:\Users\pc\Desktop\project\moonja\back\node_modules\mysql\lib\protocol\Protocol.js:51:23)
    at Connection.connect (C:\Users\pc\Desktop\project\moonja\back\node_modules\mysql\lib\Connection.js:116:18)
    at file:///C:/Users/pc/Desktop/project/moonja/back/config/db.js:14:4
    at ModuleJob.run (node:internal/modules/esm/module_job:194:25)
2023-09-06 16:16:00 [로그] error: uncaughtException: Unhandled error. ({ code: -200, result: undefined })
Error [ERR_UNHANDLED_ERROR]: Unhandled error. ({ code: -200, result: undefined })
    at new NodeError (node:internal/errors:399:5)
    at Job.emit (node:events:502:17)
    at C:\Users\pc\Desktop\project\moonja\back\node_modules\node-schedule\lib\Invocation.js:277:17
    at process.processTicksAndRejections (node:internal/process/task_queues:95:5)
2023-09-06 16:17:00 [로그] error: uncaughtException: return_moment_number is not a function
TypeError: return_moment_number is not a function
    at Job.job (file:///C:/Users/pc/Desktop/project/moonja/back/utils/schedules/index.js:13:35)
    at process.processTicksAndRejections (node:internal/process/task_queues:95:5)
2023-09-06 16:18:00 [로그] error: uncaughtException: return_moment_number is not a function
TypeError: return_moment_number is not a function
    at Job.job (file:///C:/Users/pc/Desktop/project/moonja/back/utils/schedules/index.js:13:35)
    at process.processTicksAndRejections (node:internal/process/task_queues:95:5)
2023-09-06 16:19:00 [로그] error: uncaughtException: return_moment_number is not a function
TypeError: return_moment_number is not a function
    at Job.job (file:///C:/Users/pc/Desktop/project/moonja/back/utils/schedules/index.js:13:35)
    at process.processTicksAndRejections (node:internal/process/task_queues:95:5)
2023-09-06 16:20:00 [로그] error: uncaughtException: return_moment_number is not a function
TypeError: return_moment_number is not a function
    at Job.job (file:///C:/Users/pc/Desktop/project/moonja/back/utils/schedules/index.js:13:35)
    at process.processTicksAndRejections (node:internal/process/task_queues:95:5)
2023-09-06 16:21:00 [로그] error: uncaughtException: return_moment_number is not a function
TypeError: return_moment_number is not a function
    at Job.job (file:///C:/Users/pc/Desktop/project/moonja/back/utils/schedules/index.js:13:35)
    at process.processTicksAndRejections (node:internal/process/task_queues:95:5)
2023-09-06 16:22:00 [로그] error: uncaughtException: return_moment_number is not a function
TypeError: return_moment_number is not a function
    at Job.job (file:///C:/Users/pc/Desktop/project/moonja/back/utils/schedules/index.js:13:35)
    at process.processTicksAndRejections (node:internal/process/task_queues:95:5)
2023-09-06 16:23:00 [로그] error: uncaughtException: return_moment_number is not a function
TypeError: return_moment_number is not a function
    at Job.job (file:///C:/Users/pc/Desktop/project/moonja/back/utils/schedules/index.js:13:35)
    at process.processTicksAndRejections (node:internal/process/task_queues:95:5)
2023-09-06 16:24:00 [로그] error: uncaughtException: return_moment_number is not a function
TypeError: return_moment_number is not a function
    at Job.job (file:///C:/Users/pc/Desktop/project/moonja/back/utils/schedules/index.js:13:35)
    at process.processTicksAndRejections (node:internal/process/task_queues:95:5)
2023-09-06 16:25:00 [로그] error: uncaughtException: return_moment_number is not a function
TypeError: return_moment_number is not a function
    at Job.job (file:///C:/Users/pc/Desktop/project/moonja/back/utils/schedules/index.js:13:35)
    at process.processTicksAndRejections (node:internal/process/task_queues:95:5)
2023-09-06 16:26:00 [로그] error: uncaughtException: return_moment_number is not a function
TypeError: return_moment_number is not a function
    at Job.job (file:///C:/Users/pc/Desktop/project/moonja/back/utils/schedules/index.js:13:35)
    at process.processTicksAndRejections (node:internal/process/task_queues:95:5)
2023-09-06 16:27:00 [로그] error: uncaughtException: return_moment_number is not a function
TypeError: return_moment_number is not a function
    at Job.job (file:///C:/Users/pc/Desktop/project/moonja/back/utils/schedules/index.js:13:35)
    at process.processTicksAndRejections (node:internal/process/task_queues:95:5)
2023-09-06 16:29:00 [로그] error: uncaughtException: return_moment_number is not a function
TypeError: return_moment_number is not a function
    at Job.job (file:///C:/Users/pc/Desktop/project/moonja/back/utils/schedules/index.js:13:35)
    at process.processTicksAndRejections (node:internal/process/task_queues:95:5)
2023-09-06 16:30:00 [로그] error: uncaughtException: return_moment_number is not a function
TypeError: return_moment_number is not a function
    at Job.job (file:///C:/Users/pc/Desktop/project/moonja/back/utils/schedules/index.js:13:35)
    at process.processTicksAndRejections (node:internal/process/task_queues:95:5)
2023-09-06 16:31:00 [로그] error: uncaughtException: return_moment_number is not a function
TypeError: return_moment_number is not a function
    at Job.job (file:///C:/Users/pc/Desktop/project/moonja/back/utils/schedules/index.js:13:35)
    at process.processTicksAndRejections (node:internal/process/task_queues:95:5)
2023-09-06 16:32:00 [로그] error: uncaughtException: return_moment_number is not a function
TypeError: return_moment_number is not a function
    at Job.job (file:///C:/Users/pc/Desktop/project/moonja/back/utils/schedules/index.js:13:35)
    at process.processTicksAndRejections (node:internal/process/task_queues:95:5)
2023-09-06 16:35:00 [로그] error: uncaughtException: return_moment_number is not a function
TypeError: return_moment_number is not a function
    at Job.job (file:///C:/Users/pc/Desktop/project/moonja/back/utils/schedules/index.js:13:35)
    at process.processTicksAndRejections (node:internal/process/task_queues:95:5)
2023-09-06 16:36:00 [로그] error: uncaughtException: return_moment_number is not a function
TypeError: return_moment_number is not a function
    at Job.job (file:///C:/Users/pc/Desktop/project/moonja/back/utils/schedules/index.js:13:35)
    at process.processTicksAndRejections (node:internal/process/task_queues:95:5)
2023-09-06 16:37:00 [로그] error: uncaughtException: return_moment_number is not a function
TypeError: return_moment_number is not a function
    at Job.job (file:///C:/Users/pc/Desktop/project/moonja/back/utils/schedules/index.js:13:35)
    at process.processTicksAndRejections (node:internal/process/task_queues:95:5)
2023-09-06 16:38:00 [로그] error: uncaughtException: return_moment_number is not a function
TypeError: return_moment_number is not a function
    at Job.job (file:///C:/Users/pc/Desktop/project/moonja/back/utils/schedules/index.js:13:35)
    at process.processTicksAndRejections (node:internal/process/task_queues:95:5)
2023-09-06 16:39:00 [로그] error: uncaughtException: return_moment_number is not a function
TypeError: return_moment_number is not a function
    at Job.job (file:///C:/Users/pc/Desktop/project/moonja/back/utils/schedules/index.js:13:35)
    at process.processTicksAndRejections (node:internal/process/task_queues:95:5)
2023-09-06 16:41:00 [로그] error: uncaughtException: return_moment_number is not a function
TypeError: return_moment_number is not a function
    at Job.job (file:///C:/Users/pc/Desktop/project/moonja/back/utils/schedules/index.js:13:35)
    at process.processTicksAndRejections (node:internal/process/task_queues:95:5)
2023-09-06 16:43:00 [로그] error: uncaughtException: return_moment_number is not a function
TypeError: return_moment_number is not a function
    at Job.job (file:///C:/Users/pc/Desktop/project/moonja/back/utils/schedules/index.js:13:35)
    at process.processTicksAndRejections (node:internal/process/task_queues:95:5)
2023-09-06 16:44:00 [로그] error: uncaughtException: return_moment_number is not a function
TypeError: return_moment_number is not a function
    at Job.job (file:///C:/Users/pc/Desktop/project/moonja/back/utils/schedules/index.js:13:35)
    at process.processTicksAndRejections (node:internal/process/task_queues:95:5)
2023-09-06 16:46:00 [로그] error: uncaughtException: return_moment_number is not a function
TypeError: return_moment_number is not a function
    at Job.job (file:///C:/Users/pc/Desktop/project/moonja/back/utils/schedules/index.js:13:35)
    at process.processTicksAndRejections (node:internal/process/task_queues:95:5)
2023-09-06 16:47:00 [로그] error: uncaughtException: return_moment_number is not a function
TypeError: return_moment_number is not a function
    at Job.job (file:///C:/Users/pc/Desktop/project/moonja/back/utils/schedules/index.js:13:35)
    at process.processTicksAndRejections (node:internal/process/task_queues:95:5)
2023-09-06 16:49:00 [로그] error: uncaughtException: return_moment_number is not a function
TypeError: return_moment_number is not a function
    at Job.job (file:///C:/Users/pc/Desktop/project/moonja/back/utils/schedules/index.js:13:35)
    at process.processTicksAndRejections (node:internal/process/task_queues:95:5)
